Actions运行记录 Mon Feb 12 08:22:47 CST 2024
Actions运行记录 Mon Feb 12 11:45:27 CST 2024
Actions运行记录 Tue Feb 13 08:50:07 CST 2024
Actions运行记录 Wed Feb 14 08:50:16 CST 2024
Actions运行记录 Thu Feb 15 08:50:03 CST 2024
Actions运行记录 Fri Feb 16 08:48:49 CST 2024
Actions运行记录 Sat Feb 17 08:48:28 CST 2024
Actions运行记录 Sun Feb 18 08:52:46 CST 2024
Actions运行记录 Mon Feb 19 08:50:42 CST 2024
Actions运行记录 Tue Feb 20 08:48:21 CST 2024
Actions运行记录 Wed Feb 21 08:50:00 CST 2024
Actions运行记录 Thu Feb 22 08:48:51 CST 2024
Actions运行记录 Fri Feb 23 08:48:31 CST 2024
Actions运行记录 Sat Feb 24 08:46:48 CST 2024
Actions运行记录 Sun Feb 25 08:52:55 CST 2024
Actions运行记录 Mon Feb 26 08:50:32 CST 2024
Actions运行记录 Tue Feb 27 08:48:24 CST 2024
Actions运行记录 Wed Feb 28 08:48:29 CST 2024
Actions运行记录 Thu Feb 29 08:48:40 CST 2024
Actions运行记录 Fri Mar 1 08:53:58 CST 2024
Actions运行记录 Sat Mar 2 08:47:44 CST 2024
Actions运行记录 Sun Mar 3 08:52:00 CST 2024
Actions运行记录 Mon Mar 4 08:50:11 CST 2024
Actions运行记录 Tue Mar 5 08:49:00 CST 2024
Actions运行记录 Wed Mar 6 08:49:35 CST 2024
Actions运行记录 Thu Mar 7 08:39:29 CST 2024
Actions运行记录 Fri Mar 8 08:49:28 CST 2024
Actions运行记录 Sat Mar 9 08:47:09 CST 2024
Actions运行记录 Sun Mar 10 08:52:50 CST 2024
Actions运行记录 Mon Mar 11 08:50:36 CST 2024
Actions运行记录 Tue Mar 12 08:48:56 CST 2024
Actions运行记录 Wed Mar 13 08:50:12 CST 2024
Actions运行记录 Thu Mar 14 08:49:26 CST 2024
Actions运行记录 Fri Mar 15 08:50:07 CST 2024
Actions运行记录 Sat Mar 16 08:48:17 CST 2024
Actions运行记录 Sun Mar 17 08:52:47 CST 2024
Actions运行记录 Mon Mar 18 08:50:39 CST 2024
Actions运行记录 Tue Mar 19 08:49:30 CST 2024
Actions运行记录 Wed Mar 20 08:49:19 CST 2024
Actions运行记录 Thu Mar 21 08:51:10 CST 2024
Actions运行记录 Fri Mar 22 08:49:34 CST 2024
Actions运行记录 Sat Mar 23 08:48:18 CST 2024
Actions运行记录 Sun Mar 24 08:54:49 CST 2024
Actions运行记录 Mon Mar 25 08:51:23 CST 2024
Actions运行记录 Tue Mar 26 08:49:48 CST 2024
Actions运行记录 Wed Mar 27 08:49:48 CST 2024
Actions运行记录 Thu Mar 28 08:50:12 CST 2024
Actions运行记录 Fri Mar 29 08:50:17 CST 2024
Actions运行记录 Sat Mar 30 08:48:01 CST 2024
Actions运行记录 Sun Mar 31 08:54:53 CST 2024
Actions运行记录 Mon Apr 1 08:55:09 CST 2024
Actions运行记录 Tue Apr 2 08:52:38 CST 2024
Actions运行记录 Wed Apr 3 08:49:41 CST 2024
Actions运行记录 Thu Apr 4 08:51:28 CST 2024
Actions运行记录 Fri Apr 5 08:50:42 CST 2024
Actions运行记录 Sat Apr 6 08:49:05 CST 2024
Actions运行记录 Sun Apr 7 08:55:08 CST 2024
Actions运行记录 Mon Apr 8 08:51:38 CST 2024
Actions运行记录 Tue Apr 9 08:50:33 CST 2024
Actions运行记录 Wed Apr 10 08:50:15 CST 2024
Actions运行记录 Thu Apr 11 08:51:00 CST 2024
Actions运行记录 Fri Apr 12 08:51:07 CST 2024
Actions运行记录 Sat Apr 13 08:41:35 CST 2024
Actions运行记录 Sun Apr 14 09:09:09 CST 2024
Actions运行记录 Mon Apr 15 11:14:24 CST 2024
Actions运行记录 Tue Apr 16 08:50:25 CST 2024
Actions运行记录 Wed Apr 17 08:51:17 CST 2024
Actions运行记录 Thu Apr 18 08:50:13 CST 2024
Actions运行记录 Fri Apr 19 08:50:58 CST 2024
Actions运行记录 Sat Apr 20 08:51:13 CST 2024
Actions运行记录 Sun Apr 21 08:54:53 CST 2024
Actions运行记录 Mon Apr 22 08:52:51 CST 2024
Actions运行记录 Tue Apr 23 08:51:29 CST 2024
Actions运行记录 Wed Apr 24 08:51:16 CST 2024
Actions运行记录 Thu Apr 25 08:53:43 CST 2024
Actions运行记录 Fri Apr 26 08:51:30 CST 2024
Actions运行记录 Sat Apr 27 08:50:54 CST 2024
